{"C:\\Users\\maozo\\Source\\Specs\\nudnik\\App.tsx": {"path":"C:\\Users\\maozo\\Source\\Specs\\nudnik\\App.tsx","statementMap":{"0":{"start":{"line":16,"column":14},"end":{"line":16,"column":62}},"1":{"start":{"line":18,"column":19},"end":{"line":36,"column":1}},"2":{"start":{"line":19,"column":47},"end":{"line":19,"column":58}},"3":{"start":{"line":21,"column":27},"end":{"line":23,"column":3}},"4":{"start":{"line":22,"column":4},"end":{"line":22,"column":48}},"5":{"start":{"line":25,"column":2},"end":{"line":35,"column":4}},"6":{"start":{"line":38,"column":19},"end":{"line":71,"column":1}},"7":{"start":{"line":39,"column":2},"end":{"line":70,"column":4}},"8":{"start":{"line":44,"column":38},"end":{"line":60,"column":9}},"9":{"start":{"line":47,"column":12},"end":{"line":58,"column":24}},"10":{"start":{"line":48,"column":29},"end":{"line":51,"column":16}},"11":{"start":{"line":52,"column":39},"end":{"line":55,"column":15}},"12":{"start":{"line":65,"column":33},"end":{"line":67,"column":9}},"13":{"start":{"line":74,"column":2},"end":{"line":80,"column":4}},"14":{"start":{"line":83,"column":15},"end":{"line":88,"column":2}}},"fnMap":{"0":{"name":"(anonymous_0)","decl":{"start":{"line":18,"column":19},"end":{"line":18,"column":20}},"loc":{"start":{"line":18,"column":60},"end":{"line":36,"column":1}},"line":18},"1":{"name":"(anonymous_1)","decl":{"start":{"line":21,"column":27},"end":{"line":21,"column":28}},"loc":{"start":{"line":21,"column":45},"end":{"line":23,"column":3}},"line":21},"2":{"name":"(anonymous_2)","decl":{"start":{"line":38,"column":19},"end":{"line":38,"column":20}},"loc":{"start":{"line":38,"column":25},"end":{"line":71,"column":1}},"line":38},"3":{"name":"(anonymous_3)","decl":{"start":{"line":44,"column":17},"end":{"line":44,"column":18}},"loc":{"start":{"line":44,"column":38},"end":{"line":60,"column":9}},"line":44},"4":{"name":"(anonymous_4)","decl":{"start":{"line":46,"column":23},"end":{"line":46,"column":24}},"loc":{"start":{"line":47,"column":12},"end":{"line":58,"column":24}},"line":47},"5":{"name":"(anonymous_5)","decl":{"start":{"line":48,"column":23},"end":{"line":48,"column":24}},"loc":{"start":{"line":48,"column":29},"end":{"line":51,"column":16}},"line":48},"6":{"name":"(anonymous_6)","decl":{"start":{"line":52,"column":21},"end":{"line":52,"column":22}},"loc":{"start":{"line":52,"column":39},"end":{"line":55,"column":15}},"line":52},"7":{"name":"(anonymous_7)","decl":{"start":{"line":65,"column":17},"end":{"line":65,"column":18}},"loc":{"start":{"line":65,"column":33},"end":{"line":67,"column":9}},"line":65},"8":{"name":"App","decl":{"start":{"line":73,"column":24},"end":{"line":73,"column":27}},"loc":{"start":{"line":73,"column":30},"end":{"line":81,"column":1}},"line":73}},"branchMap":{"0":{"loc":{"start":{"line":53,"column":25},"end":{"line":53,"column":42}},"type":"cond-expr","locations":[{"start":{"line":53,"column":35},"end":{"line":53,"column":38}},{"start":{"line":53,"column":41},"end":{"line":53,"column":42}}],"line":53},"1":{"loc":{"start":{"line":66,"column":17},"end":{"line":66,"column":65}},"type":"cond-expr","locations":[{"start":{"line":66,"column":39},"end":{"line":66,"column":51}},{"start":{"line":66,"column":54},"end":{"line":66,"column":65}}],"line":66}},"s":{"0":0,"1":0,"2":0,"3":0,"4":0,"5":0,"6":0,"7":0,"8":0,"9":0,"10":0,"11":0,"12":0,"13":0,"14":0},"f":{"0":0,"1":0,"2":0,"3":0,"4":0,"5":0,"6":0,"7":0,"8":0},"b":{"0":[0,0],"1":[0,0]}}
,"C:\\Users\\maozo\\Source\\Specs\\nudnik\\index.ts": {"path":"C:\\Users\\maozo\\Source\\Specs\\nudnik\\index.ts","statementMap":{"0":{"start":{"line":8,"column":0},"end":{"line":8,"column":27}}},"fnMap":{},"branchMap":{},"s":{"0":0},"f":{},"b":{}}
,"C:\\Users\\maozo\\Source\\Specs\\nudnik\\jest.config.ts": {"path":"C:\\Users\\maozo\\Source\\Specs\\nudnik\\jest.config.ts","statementMap":{"0":{"start":{"line":3,"column":38},"end":{"line":19,"column":1}}},"fnMap":{},"branchMap":{},"s":{"0":0},"f":{},"b":{}}
,"C:\\Users\\maozo\\Source\\Specs\\nudnik\\components\\alarm-form.tsx": {"path":"C:\\Users\\maozo\\Source\\Specs\\nudnik\\components\\alarm-form.tsx","statementMap":{"0":{"start":{"line":12,"column":21},"end":{"line":12,"column":70}},"1":{"start":{"line":14,"column":25},"end":{"line":142,"column":1}},"2":{"start":{"line":15,"column":26},"end":{"line":15,"column":71}},"3":{"start":{"line":16,"column":46},"end":{"line":16,"column":61}},"4":{"start":{"line":17,"column":42},"end":{"line":19,"column":3}},"5":{"start":{"line":20,"column":34},"end":{"line":20,"column":80}},"6":{"start":{"line":21,"column":44},"end":{"line":21,"column":91}},"7":{"start":{"line":23,"column":27},"end":{"line":28,"column":3}},"8":{"start":{"line":24,"column":4},"end":{"line":24,"column":29}},"9":{"start":{"line":25,"column":4},"end":{"line":27,"column":5}},"10":{"start":{"line":26,"column":6},"end":{"line":26,"column":28}},"11":{"start":{"line":30,"column":26},"end":{"line":40,"column":3}},"12":{"start":{"line":31,"column":4},"end":{"line":39,"column":7}},"13":{"start":{"line":32,"column":6},"end":{"line":38,"column":7}},"14":{"start":{"line":34,"column":8},"end":{"line":34,"column":49}},"15":{"start":{"line":34,"column":34},"end":{"line":34,"column":49}},"16":{"start":{"line":35,"column":8},"end":{"line":35,"column":51}},"17":{"start":{"line":35,"column":35},"end":{"line":35,"column":49}},"18":{"start":{"line":37,"column":8},"end":{"line":37,"column":45}},"19":{"start":{"line":42,"column":21},"end":{"line":53,"column":3}},"20":{"start":{"line":43,"column":4},"end":{"line":52,"column":7}},"21":{"start":{"line":55,"column":21},"end":{"line":64,"column":3}},"22":{"start":{"line":56,"column":4},"end":{"line":63,"column":16}},"23":{"start":{"line":58,"column":21},"end":{"line":58,"column":38}},"24":{"start":{"line":66,"column":20},"end":{"line":81,"column":3}},"25":{"start":{"line":67,"column":4},"end":{"line":80,"column":16}},"26":{"start":{"line":72,"column":21},"end":{"line":72,"column":43}},"27":{"start":{"line":83,"column":2},"end":{"line":141,"column":4}},"28":{"start":{"line":89,"column":25},"end":{"line":89,"column":48}},"29":{"start":{"line":110,"column":12},"end":{"line":110,"column":59}},"30":{"start":{"line":144,"column":15},"end":{"line":242,"column":2}}},"fnMap":{"0":{"name":"(anonymous_0)","decl":{"start":{"line":14,"column":25},"end":{"line":14,"column":26}},"loc":{"start":{"line":14,"column":74},"end":{"line":142,"column":1}},"line":14},"1":{"name":"(anonymous_1)","decl":{"start":{"line":23,"column":27},"end":{"line":23,"column":28}},"loc":{"start":{"line":23,"column":64},"end":{"line":28,"column":3}},"line":23},"2":{"name":"(anonymous_2)","decl":{"start":{"line":30,"column":26},"end":{"line":30,"column":27}},"loc":{"start":{"line":30,"column":48},"end":{"line":40,"column":3}},"line":30},"3":{"name":"(anonymous_3)","decl":{"start":{"line":31,"column":20},"end":{"line":31,"column":21}},"loc":{"start":{"line":31,"column":31},"end":{"line":39,"column":5}},"line":31},"4":{"name":"(anonymous_4)","decl":{"start":{"line":35,"column":30},"end":{"line":35,"column":31}},"loc":{"start":{"line":35,"column":35},"end":{"line":35,"column":49}},"line":35},"5":{"name":"(anonymous_5)","decl":{"start":{"line":42,"column":21},"end":{"line":42,"column":22}},"loc":{"start":{"line":42,"column":27},"end":{"line":53,"column":3}},"line":42},"6":{"name":"(anonymous_6)","decl":{"start":{"line":55,"column":21},"end":{"line":55,"column":22}},"loc":{"start":{"line":56,"column":4},"end":{"line":63,"column":16}},"line":56},"7":{"name":"(anonymous_7)","decl":{"start":{"line":58,"column":15},"end":{"line":58,"column":16}},"loc":{"start":{"line":58,"column":21},"end":{"line":58,"column":38}},"line":58},"8":{"name":"(anonymous_8)","decl":{"start":{"line":66,"column":20},"end":{"line":66,"column":21}},"loc":{"start":{"line":67,"column":4},"end":{"line":80,"column":16}},"line":67},"9":{"name":"(anonymous_9)","decl":{"start":{"line":72,"column":15},"end":{"line":72,"column":16}},"loc":{"start":{"line":72,"column":21},"end":{"line":72,"column":43}},"line":72},"10":{"name":"(anonymous_10)","decl":{"start":{"line":89,"column":19},"end":{"line":89,"column":20}},"loc":{"start":{"line":89,"column":25},"end":{"line":89,"column":48}},"line":89},"11":{"name":"(anonymous_11)","decl":{"start":{"line":109,"column":28},"end":{"line":109,"column":29}},"loc":{"start":{"line":110,"column":12},"end":{"line":110,"column":59}},"line":110}},"branchMap":{"0":{"loc":{"start":{"line":15,"column":44},"end":{"line":15,"column":69}},"type":"binary-expr","locations":[{"start":{"line":15,"column":44},"end":{"line":15,"column":55}},{"start":{"line":15,"column":59},"end":{"line":15,"column":69}}],"line":15},"1":{"loc":{"start":{"line":18,"column":4},"end":{"line":18,"column":45}},"type":"binary-expr","locations":[{"start":{"line":18,"column":4},"end":{"line":18,"column":26}},{"start":{"line":18,"column":30},"end":{"line":18,"column":45}}],"line":18},"2":{"loc":{"start":{"line":20,"column":53},"end":{"line":20,"column":79}},"type":"binary-expr","locations":[{"start":{"line":20,"column":53},"end":{"line":20,"column":69}},{"start":{"line":20,"column":73},"end":{"line":20,"column":79}}],"line":20},"3":{"loc":{"start":{"line":21,"column":62},"end":{"line":21,"column":90}},"type":"binary-expr","locations":[{"start":{"line":21,"column":62},"end":{"line":21,"column":82}},{"start":{"line":21,"column":86},"end":{"line":21,"column":90}}],"line":21},"4":{"loc":{"start":{"line":25,"column":4},"end":{"line":27,"column":5}},"type":"if","locations":[{"start":{"line":25,"column":4},"end":{"line":27,"column":5}},{"start":{},"end":{}}],"line":25},"5":{"loc":{"start":{"line":32,"column":6},"end":{"line":38,"column":7}},"type":"if","locations":[{"start":{"line":32,"column":6},"end":{"line":38,"column":7}},{"start":{"line":36,"column":13},"end":{"line":38,"column":7}}],"line":32},"6":{"loc":{"start":{"line":34,"column":8},"end":{"line":34,"column":49}},"type":"if","locations":[{"start":{"line":34,"column":8},"end":{"line":34,"column":49}},{"start":{},"end":{}}],"line":34},"7":{"loc":{"start":{"line":57,"column":29},"end":{"line":57,"column":71}},"type":"binary-expr","locations":[{"start":{"line":57,"column":29},"end":{"line":57,"column":46}},{"start":{"line":57,"column":50},"end":{"line":57,"column":71}}],"line":57},"8":{"loc":{"start":{"line":60,"column":39},"end":{"line":60,"column":85}},"type":"binary-expr","locations":[{"start":{"line":60,"column":39},"end":{"line":60,"column":56}},{"start":{"line":60,"column":60},"end":{"line":60,"column":85}}],"line":60},"9":{"loc":{"start":{"line":70,"column":8},"end":{"line":70,"column":64}},"type":"binary-expr","locations":[{"start":{"line":70,"column":8},"end":{"line":70,"column":36}},{"start":{"line":70,"column":40},"end":{"line":70,"column":64}}],"line":70},"10":{"loc":{"start":{"line":76,"column":8},"end":{"line":76,"column":68}},"type":"binary-expr","locations":[{"start":{"line":76,"column":8},"end":{"line":76,"column":36}},{"start":{"line":76,"column":40},"end":{"line":76,"column":68}}],"line":76},"11":{"loc":{"start":{"line":95,"column":9},"end":{"line":103,"column":9}},"type":"binary-expr","locations":[{"start":{"line":95,"column":9},"end":{"line":95,"column":23}},{"start":{"line":96,"column":10},"end":{"line":102,"column":12}}],"line":95},"12":{"loc":{"start":{"line":101,"column":21},"end":{"line":101,"column":66}},"type":"cond-expr","locations":[{"start":{"line":101,"column":45},"end":{"line":101,"column":54}},{"start":{"line":101,"column":57},"end":{"line":101,"column":66}}],"line":101}},"s":{"0":1,"1":1,"2":9,"3":9,"4":9,"5":9,"6":9,"7":9,"8":0,"9":0,"10":0,"11":9,"12":2,"13":2,"14":0,"15":0,"16":0,"17":0,"18":2,"19":9,"20":3,"21":9,"22":36,"23":1,"24":9,"25":63,"26":2,"27":9,"28":0,"29":63,"30":1},"f":{"0":9,"1":0,"2":2,"3":2,"4":0,"5":3,"6":36,"7":1,"8":63,"9":2,"10":0,"11":63},"b":{"0":[9,9],"1":[9,9],"2":[9,9],"3":[9,9],"4":[0,0],"5":[0,2],"6":[0,0],"7":[36,9],"8":[36,9],"9":[63,48],"10":[63,48],"11":[9,0],"12":[0,0]},"_coverageSchema":"1a1c01bbd47fc00a2c39e90264f33305004495a9","hash":"2de9c4ed255ea9bd773c73f777a44abf9b6e6050"}
,"C:\\Users\\maozo\\Source\\Specs\\nudnik\\components\\alarm-item.tsx": {"path":"C:\\Users\\maozo\\Source\\Specs\\nudnik\\components\\alarm-item.tsx","statementMap":{"0":{"start":{"line":14,"column":25},"end":{"line":64,"column":1}},"1":{"start":{"line":15,"column":48},"end":{"line":15,"column":53}},"2":{"start":{"line":17,"column":28},"end":{"line":26,"column":3}},"3":{"start":{"line":18,"column":4},"end":{"line":18,"column":57}},"4":{"start":{"line":18,"column":38},"end":{"line":18,"column":57}},"5":{"start":{"line":19,"column":4},"end":{"line":22,"column":5}},"6":{"start":{"line":20,"column":35},"end":{"line":20,"column":51}},"7":{"start":{"line":21,"column":6},"end":{"line":21,"column":24}},"8":{"start":{"line":23,"column":4},"end":{"line":25,"column":18}},"9":{"start":{"line":24,"column":18},"end":{"line":24,"column":72}},"10":{"start":{"line":28,"column":19},"end":{"line":28,"column":33}},"11":{"start":{"line":30,"column":2},"end":{"line":63,"column":4}},"12":{"start":{"line":33,"column":21},"end":{"line":33,"column":35}},"13":{"start":{"line":52,"column":36},"end":{"line":52,"column":61}},"14":{"start":{"line":55,"column":25},"end":{"line":55,"column":43}},"15":{"start":{"line":66,"column":15},"end":{"line":116,"column":2}}},"fnMap":{"0":{"name":"(anonymous_0)","decl":{"start":{"line":14,"column":25},"end":{"line":14,"column":26}},"loc":{"start":{"line":14,"column":85},"end":{"line":64,"column":1}},"line":14},"1":{"name":"(anonymous_1)","decl":{"start":{"line":17,"column":28},"end":{"line":17,"column":29}},"loc":{"start":{"line":17,"column":34},"end":{"line":26,"column":3}},"line":17},"2":{"name":"(anonymous_2)","decl":{"start":{"line":20,"column":30},"end":{"line":20,"column":31}},"loc":{"start":{"line":20,"column":35},"end":{"line":20,"column":51}},"line":20},"3":{"name":"(anonymous_3)","decl":{"start":{"line":24,"column":11},"end":{"line":24,"column":12}},"loc":{"start":{"line":24,"column":18},"end":{"line":24,"column":72}},"line":24},"4":{"name":"(anonymous_4)","decl":{"start":{"line":33,"column":15},"end":{"line":33,"column":16}},"loc":{"start":{"line":33,"column":21},"end":{"line":33,"column":35}},"line":33},"5":{"name":"(anonymous_5)","decl":{"start":{"line":52,"column":25},"end":{"line":52,"column":26}},"loc":{"start":{"line":52,"column":36},"end":{"line":52,"column":61}},"line":52},"6":{"name":"(anonymous_6)","decl":{"start":{"line":55,"column":19},"end":{"line":55,"column":20}},"loc":{"start":{"line":55,"column":25},"end":{"line":55,"column":43}},"line":55}},"branchMap":{"0":{"loc":{"start":{"line":18,"column":4},"end":{"line":18,"column":57}},"type":"if","locations":[{"start":{"line":18,"column":4},"end":{"line":18,"column":57}},{"start":{},"end":{}}],"line":18},"1":{"loc":{"start":{"line":19,"column":4},"end":{"line":22,"column":5}},"type":"if","locations":[{"start":{"line":19,"column":4},"end":{"line":22,"column":5}},{"start":{},"end":{}}],"line":19},"2":{"loc":{"start":{"line":19,"column":8},"end":{"line":20,"column":52}},"type":"binary-expr","locations":[{"start":{"line":19,"column":8},"end":{"line":19,"column":36}},{"start":{"line":20,"column":8},"end":{"line":20,"column":52}}],"line":19},"3":{"loc":{"start":{"line":20,"column":35},"end":{"line":20,"column":51}},"type":"binary-expr","locations":[{"start":{"line":20,"column":35},"end":{"line":20,"column":41}},{"start":{"line":20,"column":45},"end":{"line":20,"column":51}}],"line":20},"4":{"loc":{"start":{"line":44,"column":9},"end":{"line":48,"column":9}},"type":"binary-expr","locations":[{"start":{"line":44,"column":9},"end":{"line":44,"column":29}},{"start":{"line":45,"column":10},"end":{"line":47,"column":17}}],"line":44}},"s":{"0":2,"1":14,"2":14,"3":14,"4":1,"5":13,"6":45,"7":9,"8":4,"9":12,"10":14,"11":14,"12":1,"13":1,"14":1,"15":2},"f":{"0":14,"1":14,"2":45,"3":12,"4":1,"5":1,"6":1},"b":{"0":[1,13],"1":[9,4],"2":[13,9],"3":[45,45],"4":[14,14]},"_coverageSchema":"1a1c01bbd47fc00a2c39e90264f33305004495a9","hash":"6d12f6ed4d47dffa1624858dcf5a1c74b47ccda5"}
,"C:\\Users\\maozo\\Source\\Specs\\nudnik\\components\\alarm-list.tsx": {"path":"C:\\Users\\maozo\\Source\\Specs\\nudnik\\components\\alarm-list.tsx","statementMap":{"0":{"start":{"line":13,"column":25},"end":{"line":38,"column":1}},"1":{"start":{"line":14,"column":2},"end":{"line":21,"column":3}},"2":{"start":{"line":15,"column":4},"end":{"line":20,"column":6}},"3":{"start":{"line":23,"column":2},"end":{"line":37,"column":4}},"4":{"start":{"line":26,"column":30},"end":{"line":26,"column":37}},"5":{"start":{"line":28,"column":8},"end":{"line":33,"column":10}},"6":{"start":{"line":40,"column":15},"end":{"line":60,"column":2}}},"fnMap":{"0":{"name":"(anonymous_0)","decl":{"start":{"line":13,"column":25},"end":{"line":13,"column":26}},"loc":{"start":{"line":13,"column":101},"end":{"line":38,"column":1}},"line":13},"1":{"name":"(anonymous_1)","decl":{"start":{"line":26,"column":20},"end":{"line":26,"column":21}},"loc":{"start":{"line":26,"column":30},"end":{"line":26,"column":37}},"line":26},"2":{"name":"(anonymous_2)","decl":{"start":{"line":27,"column":18},"end":{"line":27,"column":19}},"loc":{"start":{"line":28,"column":8},"end":{"line":33,"column":10}},"line":28}},"branchMap":{"0":{"loc":{"start":{"line":14,"column":2},"end":{"line":21,"column":3}},"type":"if","locations":[{"start":{"line":14,"column":2},"end":{"line":21,"column":3}},{"start":{},"end":{}}],"line":14}},"s":{"0":1,"1":4,"2":1,"3":3,"4":9,"5":6,"6":1},"f":{"0":4,"1":9,"2":6},"b":{"0":[1,3]},"_coverageSchema":"1a1c01bbd47fc00a2c39e90264f33305004495a9","hash":"79b482007b501a50c1b8d530ed5c20a3ab20a893"}
,"C:\\Users\\maozo\\Source\\Specs\\nudnik\\context\\alarm-context.tsx": {"path":"C:\\Users\\maozo\\Source\\Specs\\nudnik\\context\\alarm-context.tsx","statementMap":{"0":{"start":{"line":14,"column":21},"end":{"line":14,"column":75}},"1":{"start":{"line":16,"column":29},"end":{"line":93,"column":1}},"2":{"start":{"line":17,"column":30},"end":{"line":17,"column":51}},"3":{"start":{"line":19,"column":19},"end":{"line":36,"column":8}},"4":{"start":{"line":20,"column":4},"end":{"line":24,"column":7}},"5":{"start":{"line":26,"column":25},"end":{"line":30,"column":5}},"6":{"start":{"line":32,"column":4},"end":{"line":35,"column":7}},"7":{"start":{"line":33,"column":6},"end":{"line":33,"column":67}},"8":{"start":{"line":34,"column":6},"end":{"line":34,"column":33}},"9":{"start":{"line":38,"column":22},"end":{"line":53,"column":8}},"10":{"start":{"line":39,"column":4},"end":{"line":42,"column":7}},"11":{"start":{"line":44,"column":4},"end":{"line":52,"column":7}},"12":{"start":{"line":45,"column":22},"end":{"line":49,"column":7}},"13":{"start":{"line":46,"column":8},"end":{"line":48,"column":17}},"14":{"start":{"line":50,"column":6},"end":{"line":50,"column":63}},"15":{"start":{"line":51,"column":6},"end":{"line":51,"column":21}},"16":{"start":{"line":55,"column":22},"end":{"line":68,"column":8}},"17":{"start":{"line":56,"column":4},"end":{"line":59,"column":7}},"18":{"start":{"line":61,"column":4},"end":{"line":67,"column":7}},"19":{"start":{"line":62,"column":22},"end":{"line":64,"column":7}},"20":{"start":{"line":63,"column":8},"end":{"line":63,"column":66}},"21":{"start":{"line":65,"column":6},"end":{"line":65,"column":63}},"22":{"start":{"line":66,"column":6},"end":{"line":66,"column":21}},"23":{"start":{"line":70,"column":22},"end":{"line":78,"column":8}},"24":{"start":{"line":71,"column":4},"end":{"line":71,"column":49}},"25":{"start":{"line":73,"column":4},"end":{"line":77,"column":7}},"26":{"start":{"line":74,"column":22},"end":{"line":74,"column":62}},"27":{"start":{"line":74,"column":46},"end":{"line":74,"column":61}},"28":{"start":{"line":75,"column":6},"end":{"line":75,"column":63}},"29":{"start":{"line":76,"column":6},"end":{"line":76,"column":21}},"30":{"start":{"line":80,"column":2},"end":{"line":92,"column":4}},"31":{"start":{"line":95,"column":25},"end":{"line":101,"column":1}},"32":{"start":{"line":96,"column":18},"end":{"line":96,"column":42}},"33":{"start":{"line":97,"column":2},"end":{"line":99,"column":3}},"34":{"start":{"line":98,"column":4},"end":{"line":98,"column":70}},"35":{"start":{"line":100,"column":2},"end":{"line":100,"column":17}}},"fnMap":{"0":{"name":"(anonymous_0)","decl":{"start":{"line":16,"column":29},"end":{"line":16,"column":30}},"loc":{"start":{"line":16,"column":78},"end":{"line":93,"column":1}},"line":16},"1":{"name":"(anonymous_1)","decl":{"start":{"line":19,"column":31},"end":{"line":19,"column":32}},"loc":{"start":{"line":19,"column":83},"end":{"line":36,"column":3}},"line":19},"2":{"name":"(anonymous_2)","decl":{"start":{"line":32,"column":14},"end":{"line":32,"column":15}},"loc":{"start":{"line":32,"column":25},"end":{"line":35,"column":5}},"line":32},"3":{"name":"(anonymous_3)","decl":{"start":{"line":38,"column":34},"end":{"line":38,"column":35}},"loc":{"start":{"line":38,"column":102},"end":{"line":53,"column":3}},"line":38},"4":{"name":"(anonymous_4)","decl":{"start":{"line":44,"column":14},"end":{"line":44,"column":15}},"loc":{"start":{"line":44,"column":25},"end":{"line":52,"column":5}},"line":44},"5":{"name":"(anonymous_5)","decl":{"start":{"line":45,"column":34},"end":{"line":45,"column":35}},"loc":{"start":{"line":46,"column":8},"end":{"line":48,"column":17}},"line":46},"6":{"name":"(anonymous_6)","decl":{"start":{"line":55,"column":34},"end":{"line":55,"column":35}},"loc":{"start":{"line":55,"column":68},"end":{"line":68,"column":3}},"line":55},"7":{"name":"(anonymous_7)","decl":{"start":{"line":61,"column":14},"end":{"line":61,"column":15}},"loc":{"start":{"line":61,"column":25},"end":{"line":67,"column":5}},"line":61},"8":{"name":"(anonymous_8)","decl":{"start":{"line":62,"column":34},"end":{"line":62,"column":35}},"loc":{"start":{"line":63,"column":8},"end":{"line":63,"column":66}},"line":63},"9":{"name":"(anonymous_9)","decl":{"start":{"line":70,"column":34},"end":{"line":70,"column":35}},"loc":{"start":{"line":70,"column":50},"end":{"line":78,"column":3}},"line":70},"10":{"name":"(anonymous_10)","decl":{"start":{"line":73,"column":14},"end":{"line":73,"column":15}},"loc":{"start":{"line":73,"column":25},"end":{"line":77,"column":5}},"line":73},"11":{"name":"(anonymous_11)","decl":{"start":{"line":74,"column":37},"end":{"line":74,"column":38}},"loc":{"start":{"line":74,"column":46},"end":{"line":74,"column":61}},"line":74},"12":{"name":"(anonymous_12)","decl":{"start":{"line":95,"column":25},"end":{"line":95,"column":26}},"loc":{"start":{"line":95,"column":31},"end":{"line":101,"column":1}},"line":95}},"branchMap":{"0":{"loc":{"start":{"line":46,"column":8},"end":{"line":48,"column":17}},"type":"cond-expr","locations":[{"start":{"line":47,"column":12},"end":{"line":47,"column":41}},{"start":{"line":48,"column":12},"end":{"line":48,"column":17}}],"line":46},"1":{"loc":{"start":{"line":63,"column":8},"end":{"line":63,"column":66}},"type":"cond-expr","locations":[{"start":{"line":63,"column":26},"end":{"line":63,"column":58}},{"start":{"line":63,"column":61},"end":{"line":63,"column":66}}],"line":63},"2":{"loc":{"start":{"line":97,"column":2},"end":{"line":99,"column":3}},"type":"if","locations":[{"start":{"line":97,"column":2},"end":{"line":99,"column":3}},{"start":{},"end":{}}],"line":97}},"s":{"0":1,"1":1,"2":12,"3":12,"4":4,"5":4,"6":4,"7":4,"8":4,"9":12,"10":1,"11":1,"12":1,"13":1,"14":1,"15":1,"16":12,"17":1,"18":1,"19":1,"20":1,"21":1,"22":1,"23":12,"24":1,"25":1,"26":1,"27":1,"28":1,"29":1,"30":12,"31":1,"32":12,"33":12,"34":0,"35":12},"f":{"0":12,"1":4,"2":4,"3":1,"4":1,"5":1,"6":1,"7":1,"8":1,"9":1,"10":1,"11":1,"12":12},"b":{"0":[1,0],"1":[1,0],"2":[0,12]},"_coverageSchema":"1a1c01bbd47fc00a2c39e90264f33305004495a9","hash":"390a9ab771016057222f664eaf8d8da59acdaa80"}
,"C:\\Users\\maozo\\Source\\Specs\\nudnik\\screens\\alarm-edit.tsx": {"path":"C:\\Users\\maozo\\Source\\Specs\\nudnik\\screens\\alarm-edit.tsx","statementMap":{"0":{"start":{"line":15,"column":31},"end":{"line":41,"column":1}},"1":{"start":{"line":16,"column":20},"end":{"line":16,"column":38}},"2":{"start":{"line":17,"column":36},"end":{"line":17,"column":47}},"3":{"start":{"line":19,"column":21},"end":{"line":26,"column":3}},"4":{"start":{"line":20,"column":4},"end":{"line":24,"column":5}},"5":{"start":{"line":21,"column":6},"end":{"line":21,"column":38}},"6":{"start":{"line":23,"column":6},"end":{"line":23,"column":25}},"7":{"start":{"line":25,"column":4},"end":{"line":25,"column":24}},"8":{"start":{"line":28,"column":23},"end":{"line":30,"column":3}},"9":{"start":{"line":29,"column":4},"end":{"line":29,"column":24}},"10":{"start":{"line":32,"column":2},"end":{"line":40,"column":4}},"11":{"start":{"line":43,"column":15},"end":{"line":48,"column":2}}},"fnMap":{"0":{"name":"(anonymous_0)","decl":{"start":{"line":15,"column":31},"end":{"line":15,"column":32}},"loc":{"start":{"line":15,"column":65},"end":{"line":41,"column":1}},"line":15},"1":{"name":"(anonymous_1)","decl":{"start":{"line":19,"column":21},"end":{"line":19,"column":22}},"loc":{"start":{"line":19,"column":73},"end":{"line":26,"column":3}},"line":19},"2":{"name":"(anonymous_2)","decl":{"start":{"line":28,"column":23},"end":{"line":28,"column":24}},"loc":{"start":{"line":28,"column":29},"end":{"line":30,"column":3}},"line":28}},"branchMap":{"0":{"loc":{"start":{"line":16,"column":20},"end":{"line":16,"column":38}},"type":"binary-expr","locations":[{"start":{"line":16,"column":20},"end":{"line":16,"column":32}},{"start":{"line":16,"column":36},"end":{"line":16,"column":38}}],"line":16},"1":{"loc":{"start":{"line":20,"column":4},"end":{"line":24,"column":5}},"type":"if","locations":[{"start":{"line":20,"column":4},"end":{"line":24,"column":5}},{"start":{"line":22,"column":11},"end":{"line":24,"column":5}}],"line":20}},"s":{"0":0,"1":0,"2":0,"3":0,"4":0,"5":0,"6":0,"7":0,"8":0,"9":0,"10":0,"11":0},"f":{"0":0,"1":0,"2":0},"b":{"0":[0,0],"1":[0,0]}}
,"C:\\Users\\maozo\\Source\\Specs\\nudnik\\types\\alarm.ts": {"path":"C:\\Users\\maozo\\Source\\Specs\\nudnik\\types\\alarm.ts","statementMap":{},"fnMap":{},"branchMap":{},"s":{},"f":{},"b":{}}
}
