TN:
SF:App.tsx
FN:18,(anonymous_0)
FN:21,(anonymous_1)
FN:37,(anonymous_2)
FN:43,(anonymous_3)
FN:45,(anonymous_4)
FN:47,(anonymous_5)
FN:51,(anonymous_6)
FN:64,(anonymous_7)
FN:72,App
FNF:9
FNH:0
FNDA:0,(anonymous_0)
FNDA:0,(anonymous_1)
FNDA:0,(anonymous_2)
FNDA:0,(anonymous_3)
FNDA:0,(anonymous_4)
FNDA:0,(anonymous_5)
FNDA:0,(anonymous_6)
FNDA:0,(anonymous_7)
FNDA:0,App
DA:16,0
DA:18,0
DA:19,0
DA:21,0
DA:22,0
DA:25,0
DA:37,0
DA:38,0
DA:43,0
DA:46,0
DA:47,0
DA:51,0
DA:64,0
DA:73,0
DA:82,0
LF:15
LH:0
BRDA:52,0,0,0
BRDA:52,0,1,0
BRDA:65,1,0,0
BRDA:65,1,1,0
BRF:4
BRH:0
end_of_record
TN:
SF:index.ts
FNF:0
FNH:0
DA:8,0
LF:1
LH:0
BRF:0
BRH:0
end_of_record
TN:
SF:jest.config.ts
FNF:0
FNH:0
DA:3,0
LF:1
LH:0
BRF:0
BRH:0
end_of_record
TN:
SF:components\alarm-form.tsx
FN:14,(anonymous_0)
FN:23,(anonymous_1)
FN:30,(anonymous_2)
FN:31,(anonymous_3)
FN:35,(anonymous_4)
FN:42,(anonymous_5)
FN:55,(anonymous_6)
FN:58,(anonymous_7)
FN:66,(anonymous_8)
FN:72,(anonymous_9)
FN:89,(anonymous_10)
FN:109,(anonymous_11)
FNF:12
FNH:9
FNDA:9,(anonymous_0)
FNDA:0,(anonymous_1)
FNDA:2,(anonymous_2)
FNDA:2,(anonymous_3)
FNDA:0,(anonymous_4)
FNDA:3,(anonymous_5)
FNDA:36,(anonymous_6)
FNDA:1,(anonymous_7)
FNDA:63,(anonymous_8)
FNDA:2,(anonymous_9)
FNDA:0,(anonymous_10)
FNDA:63,(anonymous_11)
DA:12,1
DA:14,1
DA:15,9
DA:16,9
DA:17,9
DA:20,9
DA:21,9
DA:23,9
DA:24,0
DA:25,0
DA:26,0
DA:30,9
DA:31,2
DA:32,2
DA:34,0
DA:35,0
DA:37,2
DA:42,9
DA:43,3
DA:55,9
DA:56,36
DA:58,1
DA:66,9
DA:67,63
DA:72,2
DA:83,9
DA:89,0
DA:110,63
DA:144,1
LF:29
LH:23
BRDA:15,0,0,9
BRDA:15,0,1,9
BRDA:18,1,0,9
BRDA:18,1,1,9
BRDA:20,2,0,9
BRDA:20,2,1,9
BRDA:21,3,0,9
BRDA:21,3,1,9
BRDA:25,4,0,0
BRDA:25,4,1,0
BRDA:32,5,0,0
BRDA:32,5,1,2
BRDA:34,6,0,0
BRDA:34,6,1,0
BRDA:57,7,0,36
BRDA:57,7,1,9
BRDA:60,8,0,36
BRDA:60,8,1,9
BRDA:70,9,0,63
BRDA:70,9,1,48
BRDA:76,10,0,63
BRDA:76,10,1,48
BRDA:95,11,0,9
BRDA:95,11,1,0
BRDA:101,12,0,0
BRDA:101,12,1,0
BRF:26
BRH:18
end_of_record
TN:
SF:components\alarm-item.tsx
FN:12,(anonymous_0)
FN:15,(anonymous_1)
FN:18,(anonymous_2)
FN:22,(anonymous_3)
FN:31,(anonymous_4)
FN:50,(anonymous_5)
FNF:6
FNH:6
FNDA:13,(anonymous_0)
FNDA:13,(anonymous_1)
FNDA:40,(anonymous_2)
FNDA:12,(anonymous_3)
FNDA:1,(anonymous_4)
FNDA:1,(anonymous_5)
DA:12,2
DA:13,13
DA:15,13
DA:16,13
DA:17,12
DA:18,40
DA:19,8
DA:21,4
DA:22,12
DA:26,13
DA:28,13
DA:31,1
DA:50,1
DA:57,2
LF:14
LH:14
BRDA:16,0,0,1
BRDA:16,0,1,12
BRDA:17,1,0,8
BRDA:17,1,1,4
BRDA:17,2,0,12
BRDA:17,2,1,8
BRDA:18,3,0,40
BRDA:18,3,1,40
BRDA:42,4,0,13
BRDA:42,4,1,13
BRF:10
BRH:10
end_of_record
TN:
SF:components\alarm-list.tsx
FN:12,(anonymous_0)
FN:25,(anonymous_1)
FN:26,(anonymous_2)
FNF:3
FNH:3
FNDA:4,(anonymous_0)
FNDA:9,(anonymous_1)
FNDA:6,(anonymous_2)
DA:12,1
DA:13,4
DA:14,1
DA:22,3
DA:25,9
DA:27,6
DA:38,1
LF:7
LH:7
BRDA:13,0,0,1
BRDA:13,0,1,3
BRF:2
BRH:2
end_of_record
TN:
SF:context\alarm-context.tsx
FN:16,(anonymous_0)
FN:19,(anonymous_1)
FN:32,(anonymous_2)
FN:38,(anonymous_3)
FN:44,(anonymous_4)
FN:45,(anonymous_5)
FN:55,(anonymous_6)
FN:61,(anonymous_7)
FN:62,(anonymous_8)
FN:70,(anonymous_9)
FN:73,(anonymous_10)
FN:74,(anonymous_11)
FN:95,(anonymous_12)
FNF:13
FNH:13
FNDA:12,(anonymous_0)
FNDA:4,(anonymous_1)
FNDA:4,(anonymous_2)
FNDA:1,(anonymous_3)
FNDA:1,(anonymous_4)
FNDA:1,(anonymous_5)
FNDA:1,(anonymous_6)
FNDA:1,(anonymous_7)
FNDA:1,(anonymous_8)
FNDA:1,(anonymous_9)
FNDA:1,(anonymous_10)
FNDA:1,(anonymous_11)
FNDA:12,(anonymous_12)
DA:14,1
DA:16,1
DA:17,12
DA:19,12
DA:20,4
DA:26,4
DA:32,4
DA:33,4
DA:34,4
DA:38,12
DA:39,1
DA:44,1
DA:45,1
DA:46,1
DA:50,1
DA:51,1
DA:55,12
DA:56,1
DA:61,1
DA:62,1
DA:63,1
DA:65,1
DA:66,1
DA:70,12
DA:71,1
DA:73,1
DA:74,1
DA:75,1
DA:76,1
DA:80,12
DA:95,1
DA:96,12
DA:97,12
DA:98,0
DA:100,12
LF:35
LH:34
BRDA:46,0,0,1
BRDA:46,0,1,0
BRDA:63,1,0,1
BRDA:63,1,1,0
BRDA:97,2,0,0
BRDA:97,2,1,12
BRF:6
BRH:3
end_of_record
TN:
SF:screens\alarm-edit.tsx
FN:15,(anonymous_0)
FN:19,(anonymous_1)
FN:28,(anonymous_2)
FNF:3
FNH:0
FNDA:0,(anonymous_0)
FNDA:0,(anonymous_1)
FNDA:0,(anonymous_2)
DA:15,0
DA:16,0
DA:17,0
DA:19,0
DA:20,0
DA:21,0
DA:23,0
DA:25,0
DA:28,0
DA:29,0
DA:32,0
DA:43,0
LF:12
LH:0
BRDA:16,0,0,0
BRDA:16,0,1,0
BRDA:20,1,0,0
BRDA:20,1,1,0
BRF:4
BRH:0
end_of_record
TN:
SF:types\alarm.ts
FNF:0
FNH:0
LF:0
LH:0
BRF:0
BRH:0
end_of_record
